<?xml version="1.0" encoding="UTF-8"?>
<!-- Generated by org.testng.reporters.JUnitReportReporter -->
<testsuite hostname="DESKTOP-J1HCGMD" failures="0" tests="4" name="com.training.sanity.tests.ELTC010_ListCourseCatalog" time="21.638" errors="0" timestamp="10 May 2020 17:18:44 GMT">
  <testcase classname="com.training.sanity.tests.ELTC010_ListCourseCatalog" name="validLoginTest" time="11.590"/>
  <testcase classname="com.training.sanity.tests.ELTC010_ListCourseCatalog" name="Coursecatalog" time="2.453"/>
  <testcase classname="com.training.sanity.tests.ELTC010_ListCourseCatalog" name="Search" time="6.975"/>
  <testcase classname="com.training.sanity.tests.ELTC010_ListCourseCatalog" name="result" time="0.620"/>
</testsuite> <!-- com.training.sanity.tests.ELTC010_ListCourseCatalog -->
