<?xml version="1.0" encoding="UTF-8"?>
<!-- Generated by org.testng.reporters.JUnitReportReporter -->
<testsuite hostname="DESKTOP-J1HCGMD" failures="0" tests="3" name="com.training.sanity.tests.ELTC010" time="19.892" errors="0" timestamp="10 May 2020 13:16:29 GMT">
  <testcase classname="com.training.sanity.tests.ELTC010" name="validLoginTest" time="10.780"/>
  <testcase classname="com.training.sanity.tests.ELTC010" name="Coursecatalog" time="1.621"/>
  <testcase classname="com.training.sanity.tests.ELTC010" name="Search" time="7.491"/>
</testsuite> <!-- com.training.sanity.tests.ELTC010 -->
