<?xml version="1.0" encoding="UTF-8"?>
<!-- Generated by org.testng.reporters.JUnitReportReporter -->
<testsuite hostname="DESKTOP-J1HCGMD" failures="0" tests="2" name="com.training.sanity.tests.Testcase012" time="4.601" errors="0" timestamp="10 May 2020 11:48:52 GMT">
  <testcase classname="com.training.sanity.tests.Testcase012" name="lostpasswrd" time="3.141"/>
  <testcase classname="com.training.sanity.tests.Testcase012" name="sendlostid" time="1.460"/>
</testsuite> <!-- com.training.sanity.tests.Testcase012 -->
