<?xml version="1.0" encoding="UTF-8"?>
<!-- Generated by org.testng.reporters.JUnitReportReporter -->
<testsuite hostname="DESKTOP-J1HCGMD" failures="0" tests="4" name="com.training.sanity.tests.ELTC011_TeacherChangePassword" time="20.914" errors="0" timestamp="10 May 2020 18:14:57 GMT">
  <testcase classname="com.training.sanity.tests.ELTC011_TeacherChangePassword" name="Coursecatalog" time="2.893"/>
  <testcase classname="com.training.sanity.tests.ELTC011_TeacherChangePassword" name="Changepassword" time="7.307"/>
  <testcase classname="com.training.sanity.tests.ELTC011_TeacherChangePassword" name="validLoginTest" time="10.203"/>
  <testcase classname="com.training.sanity.tests.ELTC011_TeacherChangePassword" name="Profilesave" time="0.511"/>
</testsuite> <!-- com.training.sanity.tests.ELTC011_TeacherChangePassword -->
